c:\users\insung ihm\desktop\opengl\cse4170samplecode_glsl\4.5.1.simplecameratransformation_glsl\4.5.1.simplecameratransformation_glsl\debug\vc120.pdb
c:\users\insung ihm\desktop\opengl\cse4170samplecode_glsl\4.5.1.simplecameratransformation_glsl\4.5.1.simplecameratransformation_glsl\debug\vc120.idb
c:\users\insung ihm\desktop\opengl\cse4170samplecode_glsl\4.5.1.simplecameratransformation_glsl\4.5.1.simplecameratransformation_glsl\debug\4.5.1.simplecameratransformation_glsl.obj
c:\users\insung ihm\desktop\opengl\cse4170samplecode_glsl\4.5.1.simplecameratransformation_glsl\4.5.1.simplecameratransformation_glsl\debug\loadshaders.obj
c:\users\insung ihm\desktop\opengl\cse4170samplecode_glsl\4.5.1.simplecameratransformation_glsl\debug\4.5.1.simplecameratransformation_glsl.ilk
c:\users\insung ihm\desktop\opengl\cse4170samplecode_glsl\4.5.1.simplecameratransformation_glsl\debug\4.5.1.simplecameratransformation_glsl.exe
c:\users\insung ihm\desktop\opengl\cse4170samplecode_glsl\4.5.1.simplecameratransformation_glsl\debug\4.5.1.simplecameratransformation_glsl.pdb
c:\users\insung ihm\desktop\work\teaching\cse4170\opengl\cse4170samplecode_glsl\4.5.1.simplecameratransformation_glsl\4.5.1.simplecameratransformation_glsl\debug\4.5.1.simplecameratransformation_glsl.obj
c:\users\insung ihm\desktop\work\teaching\cse4170\opengl\cse4170samplecode_glsl\4.5.1.simplecameratransformation_glsl\4.5.1.simplecameratransformation_glsl\debug\loadshaders.obj
c:\users\insung ihm\desktop\work\teaching\cse4170\opengl\cse4170samplecode_glsl\4.5.1.simplecameratransformation_glsl\4.5.1.simplecameratransformation_glsl\debug\vc120.idb
c:\users\insung ihm\desktop\work\teaching\cse4170\opengl\cse4170samplecode_glsl\4.5.1.simplecameratransformation_glsl\4.5.1.simplecameratransformation_glsl\debug\vc120.pdb
c:\users\insung ihm\desktop\work\teaching\cse4170\opengl\cse4170samplecode_glsl\4.5.1.simplecameratransformation_glsl\debug\4.5.1.simplecameratransformation_glsl.pdb
c:\users\insung ihm\desktop\work\teaching\cse4170\opengl\cse4170samplecode_glsl\4.5.1.simplecameratransformation_glsl\debug\4.5.1.simplecameratransformation_glsl.exe
c:\users\insung ihm\desktop\work\teaching\cse4170\opengl\cse4170samplecode_glsl\4.5.1.simplecameratransformation_glsl\debug\4.5.1.simplecameratransformation_glsl.ilk
c:\users\insung ihm\desktop\work\teaching\cse4170\opengl\cse4170samplecode_glsl\4.5.1.simplecameratransformation_glsl\4.5.1.simplecameratransformation_glsl\debug\4.5.1.si.15e84aa1.tlog\cl.command.1.tlog
c:\users\insung ihm\desktop\work\teaching\cse4170\opengl\cse4170samplecode_glsl\4.5.1.simplecameratransformation_glsl\4.5.1.simplecameratransformation_glsl\debug\4.5.1.si.15e84aa1.tlog\cl.read.1.tlog
c:\users\insung ihm\desktop\work\teaching\cse4170\opengl\cse4170samplecode_glsl\4.5.1.simplecameratransformation_glsl\4.5.1.simplecameratransformation_glsl\debug\4.5.1.si.15e84aa1.tlog\cl.write.1.tlog
c:\users\insung ihm\desktop\work\teaching\cse4170\opengl\cse4170samplecode_glsl\4.5.1.simplecameratransformation_glsl\4.5.1.simplecameratransformation_glsl\debug\4.5.1.si.15e84aa1.tlog\link.command.1.tlog
c:\users\insung ihm\desktop\work\teaching\cse4170\opengl\cse4170samplecode_glsl\4.5.1.simplecameratransformation_glsl\4.5.1.simplecameratransformation_glsl\debug\4.5.1.si.15e84aa1.tlog\link.read.1.tlog
c:\users\insung ihm\desktop\work\teaching\cse4170\opengl\cse4170samplecode_glsl\4.5.1.simplecameratransformation_glsl\4.5.1.simplecameratransformation_glsl\debug\4.5.1.si.15e84aa1.tlog\link.write.1.tlog
