d:\research\교재\160130opengl\4.0.chap2sec3\chap2sec3\debug\vc120.pdb
c:\users\insung ihm\desktop\work\teaching\cse4170\opengl\cse4170samplecode_glsl\4.0.chap2sec3\chap2sec3\debug\vc141.pdb
c:\users\insung ihm\desktop\work\teaching\cse4170\opengl\cse4170samplecode_glsl\4.0.chap2sec3\chap2sec3\debug\vc141.idb
c:\users\insung ihm\desktop\work\teaching\cse4170\opengl\cse4170samplecode_glsl\4.0.chap2sec3\chap2sec3\debug\loadshaders.obj
c:\users\insung ihm\desktop\work\teaching\cse4170\opengl\cse4170samplecode_glsl\4.0.chap2sec3\chap2sec3\debug\chap2sec3_glsl.obj
d:\research\교재\160130opengl\4.0.chap2sec3\debug\chap2sec3.ilk
d:\research\교재\160130opengl\4.0.chap2sec3\debug\chap2sec3.exe
d:\research\교재\160130opengl\4.0.chap2sec3\debug\chap2sec3.pdb
h:\research\교재\160130opengl\4.0.chap2sec3\debug\chap2sec3.ilk
h:\research\교재\160130opengl\4.0.chap2sec3\debug\chap2sec3.exe
h:\research\교재\160130opengl\4.0.chap2sec3\debug\chap2sec3.pdb
c:\users\insung ihm\desktop\work\teaching\cse4170\opengl\cse4170samplecode_glsl\4.0.chap2sec3\debug\chap2sec3.exe
c:\users\insung ihm\desktop\work\teaching\cse4170\opengl\cse4170samplecode_glsl\4.0.chap2sec3\debug\chap2sec3.ilk
c:\users\insung ihm\desktop\work\teaching\cse4170\opengl\cse4170samplecode_glsl\4.0.chap2sec3\debug\chap2sec3.pdb
c:\users\insung ihm\desktop\work\teaching\cse4170\opengl\cse4170samplecode_glsl\4.0.chap2sec3\chap2sec3\debug\vc120.idb
c:\users\insung ihm\desktop\work\teaching\cse4170\opengl\cse4170samplecode_glsl\4.0.chap2sec3\chap2sec3\debug\vc120.pdb
c:\users\insung ihm\desktop\work\teaching\cse4170\opengl\cse4170samplecode_glsl\4.0.chap2sec3\chap2sec3\debug\chap2sec3.tlog\cl.command.1.tlog
c:\users\insung ihm\desktop\work\teaching\cse4170\opengl\cse4170samplecode_glsl\4.0.chap2sec3\chap2sec3\debug\chap2sec3.tlog\cl.read.1.tlog
c:\users\insung ihm\desktop\work\teaching\cse4170\opengl\cse4170samplecode_glsl\4.0.chap2sec3\chap2sec3\debug\chap2sec3.tlog\cl.write.1.tlog
c:\users\insung ihm\desktop\work\teaching\cse4170\opengl\cse4170samplecode_glsl\4.0.chap2sec3\chap2sec3\debug\chap2sec3.tlog\link.command.1.tlog
c:\users\insung ihm\desktop\work\teaching\cse4170\opengl\cse4170samplecode_glsl\4.0.chap2sec3\chap2sec3\debug\chap2sec3.tlog\link.delete.1.tlog
c:\users\insung ihm\desktop\work\teaching\cse4170\opengl\cse4170samplecode_glsl\4.0.chap2sec3\chap2sec3\debug\chap2sec3.tlog\link.read.1.tlog
c:\users\insung ihm\desktop\work\teaching\cse4170\opengl\cse4170samplecode_glsl\4.0.chap2sec3\chap2sec3\debug\chap2sec3.tlog\link.write.1.tlog
